{
  "RSpec": {
    "coverage": {
      "/Users/makerslaptop11/Projects/chirpy/app/models/user.rb": [
        1,
        null,
        null,
        1,
        null,
        null,
        1,
        1,
        null,
        1,
        null,
        1,
        1,
        null,
        1,
        null,
        47,
        null,
        4,
        null,
        1,
        null,
        null,
        null,
        1,
        5,
        null,
        null,
        null
      ],
      "/Users/makerslaptop11/Projects/chirpy/app/helpers/application_helper.rb": [
        1,
        null
      ],
      "/Users/makerslaptop11/Projects/chirpy/app/helpers/conversations_helper.rb": [
        1,
        null
      ],
      "/Users/makerslaptop11/Projects/chirpy/app/helpers/favourite_users_helper.rb": [
        1,
        null
      ],
      "/Users/makerslaptop11/Projects/chirpy/app/helpers/languages_helper.rb": [
        1,
        null
      ],
      "/Users/makerslaptop11/Projects/chirpy/app/helpers/messages_helper.rb": [
        1,
        1,
        0,
        null,
        null,
        1,
        0,
        null,
        null,
        null
      ],
      "/Users/makerslaptop11/Projects/chirpy/app/helpers/profiles_helper.rb": [
        1,
        null
      ],
      "/Users/makerslaptop11/Projects/chirpy/app/helpers/users_helper.rb": [
        1,
        1,
        0,
        null,
        null
      ],
      "/Users/makerslaptop11/Projects/chirpy/app/models/conversation.rb": [
        1,
        1,
        1,
        null,
        1,
        null,
        1,
        null,
        1,
        3,
        null,
        null,
        1,
        0,
        null,
        null
      ],
      "/Users/makerslaptop11/Projects/chirpy/app/models/favourite_user.rb": [
        1,
        1,
        null
      ],
      "/Users/makerslaptop11/Projects/chirpy/app/models/language.rb": [
        1,
        1,
        null
      ],
      "/Users/makerslaptop11/Projects/chirpy/app/models/message.rb": [
        1,
        1,
        1,
        1,
        null
      ],
      "/Users/makerslaptop11/Projects/chirpy/app/models/profile.rb": [
        1,
        null,
        1,
        1,
        null,
        1,
        null
      ],
      "/Users/makerslaptop11/Projects/chirpy/app/controllers/profiles_controller.rb": [
        1,
        1,
        null,
        1,
        19,
        10,
        0,
        null,
        10,
        null,
        null,
        null,
        null,
        1,
        10,
        10,
        null,
        null,
        1,
        2,
        2,
        2,
        2,
        2,
        null,
        0,
        null,
        null,
        null,
        1,
        3,
        null,
        3,
        3,
        3,
        3,
        3,
        null,
        null,
        1,
        1,
        1,
        null,
        null,
        1,
        1,
        1,
        1,
        1,
        1,
        null,
        null,
        1,
        2,
        null,
        null,
        1,
        3,
        null,
        null,
        null,
        null,
        null
      ],
      "/Users/makerslaptop11/Projects/chirpy/app/controllers/application_controller.rb": [
        1,
        null,
        null,
        1,
        null,
        1,
        null,
        1,
        null,
        1,
        14,
        null,
        null,
        null
      ]
    },
    "timestamp": 1428956872
  }
}
